Tue Oct 13 02:03:21 2009  [Info] Changed working directory to scratch directory /data0/grid/gangajob_gWl17620
Tue Oct 13 02:03:21 2009  [Info] Job Wrapper start.
Tue Oct 13 02:03:21 2009  [Info] Download inputsandbox from iocache passed.
Tue Oct 13 02:03:21 2009  [Info] Unpack inputsandbox passed.
Tue Oct 13 02:03:21 2009  [Info] Loading Python modules ...
Tue Oct 13 02:03:21 2009  [Info]  ** PYTHONPATH: /opt/glite/lib/python:/opt/glite/lib/python2.3/site-packages:/opt/lcg/lib/python:/opt/lcg/lib/python2.3/site-packages:/opt/glite/lib/python2.3/site-packages/amga
Tue Oct 13 02:03:21 2009  [Info]  ** sys.path: /data0/grid/gangajob_gWl17620/_python
Tue Oct 13 02:03:21 2009  [Info]  ** sys.path: /data0/pbs/pbstmp.1778350.brenta.ijs.si/https_3a_2f_2fkek2-lb.cc.kek.jp_3a9000_2flDHOKSk4CHO_5fQJzw4jrjRw
Tue Oct 13 02:03:21 2009  [Info]  ** sys.path: /opt/glite/lib/python
Tue Oct 13 02:03:21 2009  [Info]  ** sys.path: /opt/glite/lib/python2.3/site-packages
Tue Oct 13 02:03:21 2009  [Info]  ** sys.path: /opt/lcg/lib/python
Tue Oct 13 02:03:21 2009  [Info]  ** sys.path: /opt/lcg/lib/python2.3/site-packages
Tue Oct 13 02:03:21 2009  [Info]  ** sys.path: /opt/glite/lib/python2.3/site-packages/amga
Tue Oct 13 02:03:21 2009  [Info]  ** sys.path: /usr/lib64/python23.zip
Tue Oct 13 02:03:21 2009  [Info]  ** sys.path: /usr/lib64/python2.3
Tue Oct 13 02:03:21 2009  [Info]  ** sys.path: /usr/lib64/python2.3/plat-linux2
Tue Oct 13 02:03:21 2009  [Info]  ** sys.path: /usr/lib64/python2.3/lib-tk
Tue Oct 13 02:03:21 2009  [Info]  ** sys.path: /usr/lib64/python2.3/lib-dynload
Tue Oct 13 02:03:21 2009  [Info]  ** sys.path: /usr/lib64/python2.3/site-packages
Tue Oct 13 02:03:21 2009  [Info]  ** sys.path: /usr/lib64/python2.3/site-packages/gtk-2.0
Tue Oct 13 02:03:21 2009  [Info]  ** sys.path: /usr/lib/python2.3/site-packages
Tue Oct 13 02:03:21 2009  [Info] Load application executable with subprocess module
Tue Oct 13 02:03:22 2009  [Info] GZipping stdout and stderr...
Tue Oct 13 02:03:22 2009  [Info] Application execution passed with exit code 0.
Tue Oct 13 02:03:22 2009  [Info] Pack outputsandbox passed.
Tue Oct 13 02:03:22 2009  [Info] Job Wrapper stop.
