
       <<            hh                    tt  >>
     <<              hh       ii           tt    >>
   <<                hh                  tttttt    >>
 <<        ppppp     hhhhhh   ii           tt        >>
   <<      pp  pp    hhh  hh  ii  -----    tt      >>
     <<    pp  pp    hh   hh  ii  -----    tt    >>
       <<  ppppp     hh   hh  ii           tt  >>
           pp
           pp  //////////////////////////////
           pp  \\\\\\\\\\\\\\\\\\\\\\\\\\\\\\   Phi-T(R) NeuroBayes(R) Teacher

  Algorithms by Michael Feindt
  Implementation by Phi-T GmbH 2001-2011
  Copyright Phi-T GmbH
  Version     20120322
  Library compiled with:
   Number of Events=      350388
   NB_MAXNODE   =         150
  -----------------------------------

 preprocessing flags/parameters:
 individual preprocessing:
 variable #           2  : PreproFlag =          14
    parameter #           1  =   0.00000000
    parameter #           2  =   0.00000000
    parameter #           3  =   0.00000000
    parameter #           4  =   0.00000000
    parameter #           5  =   0.00000000
    parameter #           6  =   0.00000000
    parameter #           7  =   0.00000000
    parameter #           8  =   0.00000000
    parameter #           9  =   0.00000000
    parameter #          10  =   0.00000000
 variable #           3  : PreproFlag =          14
    parameter #           1  =   0.00000000
    parameter #           2  =   0.00000000
    parameter #           3  =   0.00000000
    parameter #           4  =   0.00000000
    parameter #           5  =   0.00000000
    parameter #           6  =   0.00000000
    parameter #           7  =   0.00000000
    parameter #           8  =   0.00000000
    parameter #           9  =   0.00000000
    parameter #          10  =   0.00000000
 variable #           4  : PreproFlag =          14
    parameter #           1  =   0.00000000
    parameter #           2  =   0.00000000
    parameter #           3  =   0.00000000
    parameter #           4  =   0.00000000
    parameter #           5  =   0.00000000
    parameter #           6  =   0.00000000
    parameter #           7  =   0.00000000
    parameter #           8  =   0.00000000
    parameter #           9  =   0.00000000
    parameter #          10  =   0.00000000
 variable #           5  : PreproFlag =          14
    parameter #           1  =   0.00000000
    parameter #           2  =   0.00000000
    parameter #           3  =   0.00000000
    parameter #           4  =   0.00000000
    parameter #           5  =   0.00000000
    parameter #           6  =   0.00000000
    parameter #           7  =   0.00000000
    parameter #           8  =   0.00000000
    parameter #           9  =   0.00000000
    parameter #          10  =   0.00000000
 variable #           6  : PreproFlag =          14
    parameter #           1  =   0.00000000
    parameter #           2  =   0.00000000
    parameter #           3  =   0.00000000
    parameter #           4  =   0.00000000
    parameter #           5  =   0.00000000
    parameter #           6  =   0.00000000
    parameter #           7  =   0.00000000
    parameter #           8  =   0.00000000
    parameter #           9  =   0.00000000
    parameter #          10  =   0.00000000
 variable #           7  : PreproFlag =          14
    parameter #           1  =   0.00000000
    parameter #           2  =   0.00000000
    parameter #           3  =   0.00000000
    parameter #           4  =   0.00000000
    parameter #           5  =   0.00000000
    parameter #           6  =   0.00000000
    parameter #           7  =   0.00000000
    parameter #           8  =   0.00000000
    parameter #           9  =   0.00000000
    parameter #          10  =   0.00000000
 variable #           8  : PreproFlag =          14
    parameter #           1  =   0.00000000
    parameter #           2  =   0.00000000
    parameter #           3  =   0.00000000
    parameter #           4  =   0.00000000
    parameter #           5  =   0.00000000
    parameter #           6  =   0.00000000
    parameter #           7  =   0.00000000
    parameter #           8  =   0.00000000
    parameter #           9  =   0.00000000
    parameter #          10  =   0.00000000
 variable #           9  : PreproFlag =          14
    parameter #           1  =   0.00000000
    parameter #           2  =   0.00000000
    parameter #           3  =   0.00000000
    parameter #           4  =   0.00000000
    parameter #           5  =   0.00000000
    parameter #           6  =   0.00000000
    parameter #           7  =   0.00000000
    parameter #           8  =   0.00000000
    parameter #           9  =   0.00000000
    parameter #          10  =   0.00000000
 variable #          10  : PreproFlag =          14
    parameter #           1  =   0.00000000
    parameter #           2  =   0.00000000
    parameter #           3  =   0.00000000
    parameter #           4  =   0.00000000
    parameter #           5  =   0.00000000
    parameter #           6  =   0.00000000
    parameter #           7  =   0.00000000
    parameter #           8  =   0.00000000
    parameter #           9  =   0.00000000
    parameter #          10  =   0.00000000
 variable #          11  : PreproFlag =          14
    parameter #           1  =   0.00000000
    parameter #           2  =   0.00000000
    parameter #           3  =   0.00000000
    parameter #           4  =   0.00000000
    parameter #           5  =   0.00000000
    parameter #           6  =   0.00000000
    parameter #           7  =   0.00000000
    parameter #           8  =   0.00000000
    parameter #           9  =   0.00000000
    parameter #          10  =   0.00000000
 variable #          12  : PreproFlag =          14
    parameter #           1  =   0.00000000
    parameter #           2  =   0.00000000
    parameter #           3  =   0.00000000
    parameter #           4  =   0.00000000
    parameter #           5  =   0.00000000
    parameter #           6  =   0.00000000
    parameter #           7  =   0.00000000
    parameter #           8  =   0.00000000
    parameter #           9  =   0.00000000
    parameter #          10  =   0.00000000

 Using weight factor:   1.0000000000000000
 now perform preprocessing
 ***  called with option            22
 ***  This will do for you:
 ***    input variable equalisation
 ***    to Gaussian distribution with mean=0 and sigma=1
 ***    Then variables are decorrelated
 ***    and rotated that all correlation to performance is in 2. input node
 Signal fraction:   50.0000000      %
 ------------------------------
 Transdef: Tab for variable            1     -1.00000000      -1.00000000      -1.00000000      -1.00000000      -1.00000000      -1.00000000      -1.00000000      -1.00000000      -1.00000000      -1.00000000      -1.00000000      -1.00000000      -1.00000000      -1.00000000      -1.00000000      -1.00000000      -1.00000000      -1.00000000      -1.00000000      -1.00000000      -1.00000000      -1.00000000      -1.00000000      -1.00000000      -1.00000000      -1.00000000      -1.00000000      -1.00000000      -1.00000000      -1.00000000      -1.00000000      -1.00000000      -1.00000000      -1.00000000      -1.00000000      -1.00000000      -1.00000000      -1.00000000      -1.00000000      -1.00000000      -1.00000000      -1.00000000      -1.00000000      -1.00000000      -1.00000000      -1.00000000      -1.00000000      -1.00000000      -1.00000000      -1.00000000       0.00000000       1.00000000       1.00000000       1.00000000       1.00000000       1.00000000       1.00000000       1.00000000       1.00000000       1.00000000       1.00000000       1.00000000       1.00000000       1.00000000       1.00000000       1.00000000       1.00000000       1.00000000       1.00000000       1.00000000       1.00000000       1.00000000       1.00000000       1.00000000       1.00000000       1.00000000       1.00000000       1.00000000       1.00000000       1.00000000       1.00000000       1.00000000       1.00000000       1.00000000       1.00000000       1.00000000       1.00000000       1.00000000       1.00000000       1.00000000       1.00000000       1.00000000       1.00000000       1.00000000       1.00000000       1.00000000       1.00000000       1.00000000       1.00000000       1.00000000       1.00000000
 ------------------------------
 Transdef: Tab for variable            2      12.0000000       16.0000000       18.0000000       19.0000000       20.0000000       21.0000000       22.0000000       23.0000000       23.0000000       24.0000000       24.0000000       25.0000000       25.0000000       26.0000000       26.0000000       27.0000000       27.0000000       28.0000000       28.0000000       28.0000000       29.0000000       29.0000000       30.0000000       30.0000000       31.0000000       31.0000000       31.0000000       32.0000000       32.0000000       33.0000000       33.0000000       34.0000000       34.0000000       35.0000000       35.0000000       36.0000000       36.0000000       37.0000000       37.0000000       38.0000000       38.0000000       39.0000000       39.0000000       40.0000000       40.0000000       41.0000000       41.0000000       42.0000000       43.0000000       43.0000000       44.0000000       45.0000000       45.0000000       46.0000000       47.0000000       48.0000000       49.0000000       49.0000000       50.0000000       51.0000000       52.0000000       53.0000000       54.0000000       55.0000000       56.0000000       57.0000000       59.0000000       60.0000000       61.0000000       63.0000000       64.0000000       66.0000000       67.0000000       69.0000000       71.0000000       73.0000000       75.0000000       77.0000000       79.0000000       82.0000000       84.0000000       87.0000000       90.0000000       94.0000000       97.0000000       102.000000       107.000000       112.000000       117.000000       124.000000       132.000000       141.000000       151.000000       164.000000       179.000000       198.000000       225.000000       264.000000       329.000000       440.000000       53057.0000
 do regularised spline fit for input variable #           2
 ------------------------------
 Transdef: Tab for variable            3      6.00000000       6.00000000       6.00000000       6.00000000       6.00000000       6.00000000       6.00000000       6.00000000       7.00000000       7.00000000       7.00000000       7.00000000       7.00000000       7.00000000       7.00000000       7.00000000       7.00000000       7.00000000       7.00000000       7.00000000       8.00000000       8.00000000       8.00000000       8.00000000       8.00000000       8.00000000       8.00000000       8.00000000       8.00000000       8.00000000       9.00000000       9.00000000       9.00000000       9.00000000       9.00000000       9.00000000       9.00000000       10.0000000       10.0000000       10.0000000       10.0000000       10.0000000       10.0000000       11.0000000       11.0000000       11.0000000       11.0000000       11.0000000       12.0000000       12.0000000       12.0000000       12.0000000       12.0000000       13.0000000       13.0000000       13.0000000       13.0000000       14.0000000       14.0000000       14.0000000       15.0000000       15.0000000       15.0000000       16.0000000       16.0000000       17.0000000       17.0000000       17.0000000       18.0000000       18.0000000       19.0000000       19.0000000       20.0000000       21.0000000       21.0000000       22.0000000       22.0000000       23.0000000       24.0000000       24.0000000       25.0000000       26.0000000       26.0000000       27.0000000       28.0000000       28.0000000       29.0000000       30.0000000       31.0000000       32.0000000       33.0000000       34.0000000       36.0000000       37.0000000       39.0000000       42.0000000       46.0000000       51.0000000       61.0000000       83.0000000       1421.00000
 do regularised spline fit for input variable #           3
 ------------------------------
 Transdef: Tab for variable            4      8.00000000       11.0000000       12.0000000       13.0000000       14.0000000       14.0000000       15.0000000       15.0000000       16.0000000       16.0000000       17.0000000       17.0000000       17.0000000       18.0000000       18.0000000       18.0000000       19.0000000       19.0000000       19.0000000       19.0000000       20.0000000       20.0000000       20.0000000       21.0000000       21.0000000       21.0000000       21.0000000       22.0000000       22.0000000       22.0000000       22.0000000       23.0000000       23.0000000       23.0000000       23.0000000       24.0000000       24.0000000       24.0000000       24.0000000       25.0000000       25.0000000       25.0000000       25.0000000       26.0000000       26.0000000       26.0000000       26.0000000       27.0000000       27.0000000       27.0000000       28.0000000       28.0000000       28.0000000       28.0000000       29.0000000       29.0000000       29.0000000       30.0000000       30.0000000       30.0000000       31.0000000       31.0000000       31.0000000       32.0000000       32.0000000       33.0000000       33.0000000       33.0000000       34.0000000       34.0000000       35.0000000       36.0000000       36.0000000       37.0000000       37.0000000       38.0000000       39.0000000       40.0000000       40.0000000       41.0000000       42.0000000       44.0000000       45.0000000       46.0000000       48.0000000       50.0000000       52.0000000       54.0000000       57.0000000       60.0000000       63.0000000       67.0000000       73.0000000       79.0000000       87.0000000       97.0000000       112.000000       132.000000       166.000000       236.000000       28857.0000
 do regularised spline fit for input variable #           4
 ------------------------------
 Transdef: Tab for variable            5      6.66666985       9.33333015       10.0000000       10.6000004       11.0000000       11.5000000       12.0000000       12.0000000       12.5000000       12.6667004       13.0000000       13.0000000       13.3332996       13.5000000       13.7500000       14.0000000       14.0000000       14.3750000       14.5000000       14.6667004       15.0000000       15.0000000       15.3332996       15.5000000       15.5000000       15.8570995       16.0000000       16.0000000       16.3332996       16.5000000       16.6667004       17.0000000       17.0000000       17.0000000       17.5000000       17.5000000       17.7500000       18.0000000       18.0000000       18.3332996       18.5000000       18.6667004       19.0000000       19.0000000       19.3332996       19.5000000       19.6667004       20.0000000       20.0000000       20.3999996       20.5000000       21.0000000       21.0000000       21.3332996       21.5000000       22.0000000       22.0000000       22.3332996       22.6000004       23.0000000       23.0000000       23.5000000       24.0000000       24.0000000       24.5000000       25.0000000       25.0000000       25.5000000       26.0000000       26.0000000       26.5000000       27.0000000       27.3332996       28.0000000       28.0000000       29.0000000       29.0000000       30.0000000       30.0000000       31.0000000       31.5000000       32.0000000       33.0000000       34.0000000       34.5000000       35.4491501       36.4000015       37.5000000       39.0000000       40.0000000       42.0000000       44.0000000       46.3333015       49.5000000       53.0000000       58.0000000       64.2500000       74.0000000       89.0000000       121.000000       11819.2998
 do regularised spline fit for input variable #           5
 ------------------------------
 Transdef: Tab for variable            6      0.00000000       0.00000000       0.00000000       0.00000000       0.00000000       0.00000000       0.00000000       0.00000000       0.00000000       0.00000000       0.00000000       0.00000000       0.00000000       0.00000000       0.00000000       0.00000000       0.00000000       0.00000000       0.00000000       0.00000000       0.00000000       0.00000000       0.00000000       0.00000000       0.00000000      0.250000000      0.250000000       1.00000000       1.00000000       2.25000000       2.25000000       4.00000000       4.00000000       4.66666985       6.25000000       6.25000000       8.22222042       9.00000000       9.00000000       11.5000000       12.2500000       12.6667004       14.8888998       16.0000000       16.2222004       18.6667004       20.2500000       20.2500000       22.5000000       24.8889008       25.0000000       26.6399994       29.5555992       30.2500000       31.0400009       34.1739998       36.0000000       36.2494507       39.5359001       42.2500000       42.2500000       45.6666985       49.0000000       49.0000000       52.6875000       56.2500000       56.5600014       61.2500000       64.0000000       66.8889008       72.2500000       72.6667023       80.0000000       81.0000000       88.6667023       90.2500000       99.5554962       102.889000       110.250000       118.222000       124.222000       132.250000       144.000000       156.250000       169.000000       182.250000       202.160004       225.000000       256.000000       289.000000       326.791992       380.250000       460.221985       553.218994       702.250000       930.250000       1293.27490       1914.21497       3193.21997       7098.81494       152116000.
 do regularised spline fit for input variable #           6
 ------------------------------
 Transdef: Tab for variable            7      1.00000000       1.00000000       1.00000000       1.00000000       1.00000000       1.00000000       1.00000000       1.00000000       1.00000000       1.00000000       1.00000000       1.00000000       1.00000000       1.00000000       1.00000000       1.00000000       1.00000000       1.00000000       1.00000000       1.00000000       1.00000000       1.00000000       1.00000000       1.00000000       2.00000000       2.00000000       2.00000000       2.00000000       2.00000000       2.00000000       2.00000000       2.00000000       2.00000000       2.00000000       2.00000000       2.00000000       2.00000000       2.00000000       2.00000000       2.00000000       2.00000000       2.00000000       2.00000000       2.00000000       2.00000000       2.00000000       2.00000000       2.00000000       2.00000000       2.00000000       2.00000000       2.00000000       2.00000000       2.00000000       2.00000000       2.00000000       2.00000000       2.00000000       2.00000000       2.00000000       3.00000000       3.00000000       3.00000000       3.00000000       3.00000000       3.00000000       3.00000000       3.00000000       3.00000000       3.00000000       3.00000000       3.00000000       3.00000000       3.00000000       3.00000000       3.00000000       3.00000000       3.00000000       3.00000000       4.00000000       4.00000000       4.00000000       4.00000000       4.00000000       4.00000000       4.00000000       4.00000000       4.00000000       4.00000000       5.00000000       5.00000000       5.00000000       5.00000000       6.00000000       6.00000000       6.00000000       7.00000000       8.00000000       10.0000000       13.5000000       92.0000000
 do regularised spline fit for input variable #           7
 ------------------------------
 Transdef: Tab for variable            8      1.00000000       1.00000000       1.00000000       1.00000000       1.00000000       1.00000000       1.00000000       1.00000000       1.00000000       1.00000000       1.00000000       1.00000000       1.00000000       1.00000000       1.00000000       1.00000000       1.00000000       1.00000000       1.00000000       1.00000000       1.00000000       1.00000000       1.00000000       1.00000000       1.00000000       1.00000000       1.00000000       1.00000000       1.00000000       1.00000000       1.00000000       1.00000000       1.00000000       1.00000000       1.00000000       1.00000000       1.00000000       1.00000000       1.00000000       1.00000000       1.00000000       1.00000000       1.00000000       1.00000000       1.00000000       1.00000000       2.00000000       2.00000000       2.00000000       2.00000000       2.00000000       2.00000000       2.00000000       2.00000000       2.00000000       2.00000000       2.00000000       2.00000000       2.00000000       2.00000000       2.00000000       2.00000000       2.00000000       2.00000000       2.00000000       2.00000000       2.00000000       2.00000000       2.00000000       2.00000000       2.00000000       2.00000000       2.00000000       2.00000000       2.00000000       2.00000000       2.00000000       2.00000000       2.00000000       2.00000000       2.00000000       2.00000000       2.00000000       2.00000000       2.00000000       2.00000000       3.00000000       3.00000000       3.00000000       3.00000000       3.00000000       3.00000000       3.00000000       4.00000000       4.00000000       4.00000000       5.00000000       5.00000000       6.00000000       9.00000000       43.0000000
 do regularised spline fit for input variable #           8
 ------------------------------
 Transdef: Tab for variable            9      1.00000000       1.00000000       1.00000000       1.00000000       1.00000000       1.00000000       1.00000000       1.00000000       1.00000000       1.00000000       1.00000000       1.00000000       1.00000000       1.00000000       1.00000000       1.00000000       1.00000000       1.00000000       1.00000000       1.00000000       1.00000000       1.00000000       1.00000000       1.00000000       1.00000000       1.00000000       1.00000000       1.00000000       1.00000000       1.00000000       1.00000000       1.00000000       1.00000000       1.00000000       1.00000000       1.00000000       1.00000000       1.00000000       1.00000000       1.00000000       1.00000000       1.00000000       1.00000000       2.00000000       2.00000000       2.00000000       2.00000000       2.00000000       2.00000000       2.00000000       2.00000000       2.00000000       2.00000000       2.00000000       2.00000000       2.00000000       2.00000000       2.00000000       2.00000000       2.00000000       2.00000000       2.00000000       2.00000000       2.00000000       2.00000000       2.00000000       2.00000000       2.00000000       2.00000000       2.00000000       2.00000000       2.00000000       2.00000000       2.00000000       2.00000000       2.00000000       2.00000000       2.00000000       2.00000000       2.00000000       2.00000000       2.00000000       2.00000000       3.00000000       3.00000000       3.00000000       3.00000000       3.00000000       3.00000000       3.00000000       3.00000000       3.00000000       3.00000000       4.00000000       4.00000000       4.00000000       4.00000000       5.00000000       6.00000000       8.00000000       70.0000000
 do regularised spline fit for input variable #           9
 ------------------------------
 Transdef: Tab for variable           10     -4.28079987      -3.68580008      -3.20129991      -2.99164009      -2.84430003      -2.71155000      -2.56754994      -2.42918491      -2.30879998      -2.18354988      -2.06607509      -1.95350003      -1.84305000      -1.73256993      -1.62341499      -1.51754999      -1.42009497      -1.33342505      -1.23780000      -1.15300500      -1.06155002     -0.977550030     -0.893549979     -0.819319487     -0.743550003     -0.676699996     -0.601893544     -0.539550006     -0.477895498     -0.413549989     -0.353549987     -0.287550002     -0.227550000     -0.167549998     -0.108593002      -5.36547974E-02   3.20017990E-03   5.71168996E-02  0.111699998      0.161449999      0.211555496      0.265700012      0.315450013      0.367729485      0.414200008      0.469449997      0.522058487      0.573700011      0.620393515      0.672450006      0.722199976      0.777199984      0.831170976      0.881699979      0.936699986      0.994449973       1.05127001       1.11649501       1.17645001       1.23369002       1.29638505       1.36301494       1.47644496       1.54455495       1.61580002       1.68889999       1.76695001       1.84949005       1.96382499       2.05389500       2.14952493       2.24230003       2.33982992       2.44854999       2.55300999       2.65352988       2.75338507       2.85517502       2.97976017       3.09836006       3.22866011       3.37255001       3.51355004       3.64673495       3.79672003       3.94034505       4.09344006       4.24555016       4.39554977       4.55421019       4.72875023       4.91541481       5.08689022       5.27123547       5.45155001       5.64447021       5.83743000       6.13716507       6.65306997       7.26195002       8.08080006
 do regularised spline fit for input variable #          10
 ------------------------------
 Transdef: Tab for variable           11      1.40374994       1.40377998       1.40385997       1.40402997       1.40426004       1.40453994       1.40490997       1.40534997       1.40576005       1.40630996       1.40696001       1.40766001       1.40848005       1.40935004       1.41029000       1.41123998       1.41234004       1.41342998       1.41481996       1.41606998       1.41725004       1.41874504       1.42015004       1.42174995       1.42319000       1.42492998       1.42692006       1.42860997       1.43072999       1.43280005       1.43484998       1.43710995       1.43929005       1.44152999       1.44384003       1.44654500       1.44865000       1.45376003       1.45924997       1.46500003       1.47143495       1.47783995       1.48424006       1.49133003       1.49922001       1.50711501       1.51586998       1.52444506       1.53439999       1.54428995       1.55420995       1.56374502       1.57604003       1.58784997       1.59968996       1.61183000       1.62665009       1.63765001       1.65162003       2.19624996       2.19632006       2.19649005       2.19676995       2.19712996       2.19757009       2.19814992       2.19884992       2.19964004       2.20053005       2.20150995       2.20260000       2.20378995       2.20506001       2.20643997       2.20766997       2.20908999       2.21076012       2.21251988       2.21429992       2.21636009       2.21842003       2.22068000       2.22285008       2.22521996       2.22988510       2.23473501       2.24030995       2.24625993       2.25255990       2.25963998       2.26705003       2.27466989       2.28402996       2.29299998       2.30273008       2.31235003       2.32309008       2.33304000       2.34507990       2.35757995       2.36864996
 do regularised spline fit for input variable #          11
 ------------------------------
 Transdef: Tab for variable           12     -3.14150000      -3.07162499      -3.00323510      -2.92938995      -2.85924006      -2.79176998      -2.73038006      -2.65686512      -2.59239006      -2.52933502      -2.46531010      -2.39738989      -2.33092999      -2.25781012      -2.19859004      -2.12982988      -2.06447983      -2.00008988      -1.93097997      -1.86708999      -1.81061006      -1.75006998      -1.69333005      -1.62366998      -1.55859005      -1.48263502      -1.42080998      -1.35441005      -1.28965998      -1.22564507      -1.17305005      -1.11272001      -1.05466497      -1.00945997     -0.953163028     -0.886824012     -0.827472448     -0.767727971     -0.703679502     -0.643826008     -0.583634019     -0.522934020     -0.461239994     -0.397431999     -0.335949987     -0.277303994     -0.229471996     -0.171169013     -0.122529000      -6.25121966E-02   1.52016000E-03   6.55400977E-02  0.126268998      0.192084998      0.256868005      0.320223004      0.375409007      0.436006993      0.497061491      0.549187481      0.603726029      0.666136026      0.726435006      0.785709023      0.843842030      0.898046017      0.957080483       1.02379000       1.09053004       1.15890503       1.22923994       1.29877996       1.34899998       1.41334999       1.47680497       1.53772497       1.60321999       1.66817999       1.73330498       1.79974997       1.86361003       1.92690003       1.97751999       2.03609490       2.10326004       2.14275503       2.20569992       2.27328992       2.33991003       2.40588999       2.46587491       2.52852488       2.60114503       2.67127991       2.74558997       2.81884503       2.88770008       2.94336510       3.00559497       3.07543492       3.14159012
 do regularised spline fit for input variable #          12
 TOTAL CORRELATION OF ALL VARIABLES    59.628352514518035
 ROUND           1 : MAX CORR (   59.621867531467899      )  AFTER KILLING INPUT VARIABLE           4  CONTR  0.87939505099998050
 ROUND           2 : MAX CORR (   59.607332613965205      )  AFTER KILLING INPUT VARIABLE           9  CONTR   1.3164294846386764
 ROUND           3 : MAX CORR (   59.546367461073089      )  AFTER KILLING INPUT VARIABLE          12  CONTR   2.6952223549711238
 ROUND           4 : MAX CORR (   59.479836621659587      )  AFTER KILLING INPUT VARIABLE           3  CONTR   2.8140563728943038
 ROUND           5 : MAX CORR (   59.285167372772875      )  AFTER KILLING INPUT VARIABLE           6  CONTR   4.8083151021562092
 ROUND           6 : MAX CORR (   59.213899793204064      )  AFTER KILLING INPUT VARIABLE           5  CONTR   2.9060525972667781
 ROUND           7 : MAX CORR (   58.490977312431127      )  AFTER KILLING INPUT VARIABLE           7  CONTR   9.2245055019919491
 ROUND           8 : MAX CORR (   55.555189197685770      )  AFTER KILLING INPUT VARIABLE           2  CONTR   18.297961093320513
 ROUND           9 : MAX CORR (   51.869643201489204      )  AFTER KILLING INPUT VARIABLE          11  CONTR   19.897717480677684
 ROUND          10 : MAX CORR (   42.048326678494952      )  AFTER KILLING INPUT VARIABLE          10  CONTR   30.371007711111019
 LAST REMAINING VARIABLE:            8
 total correlation to target:   59.628352514518035       %
 total significance:   352.96156985468338       sigma
 correlations of single variables to target:
 variable           2 :   11.526737553864011       %  ,  in sigma:   68.230886998331812
 variable           3 :   20.801812742045183       %  ,  in sigma:   123.13337819400208
 variable           4 :   9.8525864870332018       %  ,  in sigma:   58.320987364954831
 variable           5 :   20.722744201063740       %  ,  in sigma:   122.66534318759913
 variable           6 :   18.738507105224119       %  ,  in sigma:   110.91993331498979
 variable           7 :   27.229321769417492       %  ,  in sigma:   161.18010564641853
 variable           8 :   42.048326678494959       %  ,  in sigma:   248.89910199331132
 variable           9 :   15.454870245945786       %  ,  in sigma:   91.482910962219023
 variable          10 :   37.362042512779162       %  ,  in sigma:   221.15930798318058
 variable          11 :   19.191642338613590       %  ,  in sigma:   113.60220301705266
 variable          12 :   3.7921022165155014       %  ,  in sigma:   22.446810870128473
 variables sorted by significance:
           1  most relevant variable           8  corr   42.0483284      , in sigma:   248.89911218149285
           2  most relevant variable          10  corr   30.3710079      , in sigma:   179.77687092158396
           3  most relevant variable          11  corr   19.8977184      , in sigma:   117.78172022639599
           4  most relevant variable           2  corr   18.2979603      , in sigma:   108.31217891655233
           5  most relevant variable           7  corr   9.22450542      , in sigma:   54.603150656756107
           6  most relevant variable           5  corr   2.90605259      , in sigma:   17.201965856611217
           7  most relevant variable           6  corr   4.80831528      , in sigma:   28.462139854494904
           8  most relevant variable           3  corr   2.81405640      , in sigma:   16.657407449265104
           9  most relevant variable          12  corr   2.69522238      , in sigma:   15.953986341246928
          10  most relevant variable           9  corr   1.31642950      , in sigma:   7.7924175639682902
          11  most relevant variable           4  corr  0.879395068      , in sigma:   5.2054542935659915
 global correlations between input variables:
 variable           2 :   87.911150722902036       %
 variable           3 :   85.267883709976900       %
 variable           4 :   87.813598732380058       %
 variable           5 :   90.331122408412341       %
 variable           6 :   77.076417877672355       %
 variable           7 :   94.375184002422827       %
 variable           8 :   78.895679579825710       %
 variable           9 :   79.984244758657567       %
 variable          10 :   38.637226580106535       %
 variable          11 :   21.266562772956643       %
 variable          12 :   3.0546568445921554       %
 significance loss when removing single variables:
 variable           2 : corr =   4.3344777995853114       %  ,  sigma =   25.657326156536211
 variable           3 : corr =   1.8606678959157539       %  ,  sigma =   11.013959531428176
 variable           4 : corr =  0.87939505100028548       %  ,  sigma =   5.2054541947629218
 variable           5 : corr =   3.6696079045493222       %  ,  sigma =   21.721723175657537
 variable           6 : corr =   3.6248973360804784       %  ,  sigma =   21.457065311229439
 variable           7 : corr =   6.5022475996211044       %  ,  sigma =   38.489131823444644
 variable           8 : corr =   33.159767377321124       %  ,  sigma =   196.28453673385854
 variable           9 : corr =   1.3809784082573946       %  ,  sigma =   8.1745056899781705
 variable          10 : corr =   35.999517697321160       %  ,  sigma =   213.09403571672095
 variable          11 : corr =   20.765630597335054       %  ,  sigma =   122.91920312360268
 variable          12 : corr =   2.7056145453296221       %  ,  sigma =   16.015501302148088
 Keep only          11  most significant input variables
 Sum of Weights for output node            2   350388.00000000000
 FLAT2DEF: TAB(KK=1, II=           2 ) =   -3.31954789
 NVar:    12.0000000            1597
 -------------------------------------
 Teacher: actual network topology:
 Nodes(1)     =           12
 Nodes(2)     =           13
 Nodes(3)     =            1
 -------------------------------------
 NBPRESET: start with small weights from bias node
           for IFIXSHAPE > 0 trainings
 WRITE NETWORK WEIGHTS TO EXPERTISE
 NB_AHITOUT: storage space       32590
