Thu Oct 08 04:36:37 2009  [Info] Changed working directory to scratch directory /data0/grid/gangajob_iKDn7885
Thu Oct 08 04:36:37 2009  [Info] Job Wrapper start.
Thu Oct 08 04:36:37 2009  [Info] Download inputsandbox from iocache passed.
Thu Oct 08 04:36:37 2009  [Info] Unpack inputsandbox passed.
Thu Oct 08 04:36:37 2009  [Info] Loading Python modules ...
Thu Oct 08 04:36:37 2009  [Info]  ** PYTHONPATH: /opt/glite/lib/python:/opt/glite/lib/python2.3/site-packages:/opt/lcg/lib/python:/opt/lcg/lib/python2.3/site-packages:/opt/glite/lib/python2.3/site-packages/amga
Thu Oct 08 04:36:37 2009  [Info]  ** sys.path: /data0/grid/gangajob_iKDn7885/_python
Thu Oct 08 04:36:37 2009  [Info]  ** sys.path: /data0/pbs/pbstmp.1767280.brenta.ijs.si/https_3a_2f_2fkek2-lb.cc.kek.jp_3a9000_2fLPvgd-yrqghMp2jxOVk1RA
Thu Oct 08 04:36:37 2009  [Info]  ** sys.path: /opt/glite/lib/python
Thu Oct 08 04:36:37 2009  [Info]  ** sys.path: /opt/glite/lib/python2.3/site-packages
Thu Oct 08 04:36:37 2009  [Info]  ** sys.path: /opt/lcg/lib/python
Thu Oct 08 04:36:37 2009  [Info]  ** sys.path: /opt/lcg/lib/python2.3/site-packages
Thu Oct 08 04:36:37 2009  [Info]  ** sys.path: /opt/glite/lib/python2.3/site-packages/amga
Thu Oct 08 04:36:37 2009  [Info]  ** sys.path: /usr/lib64/python23.zip
Thu Oct 08 04:36:37 2009  [Info]  ** sys.path: /usr/lib64/python2.3
Thu Oct 08 04:36:37 2009  [Info]  ** sys.path: /usr/lib64/python2.3/plat-linux2
Thu Oct 08 04:36:37 2009  [Info]  ** sys.path: /usr/lib64/python2.3/lib-tk
Thu Oct 08 04:36:37 2009  [Info]  ** sys.path: /usr/lib64/python2.3/lib-dynload
Thu Oct 08 04:36:37 2009  [Info]  ** sys.path: /usr/lib64/python2.3/site-packages
Thu Oct 08 04:36:37 2009  [Info]  ** sys.path: /usr/lib64/python2.3/site-packages/gtk-2.0
Thu Oct 08 04:36:37 2009  [Info]  ** sys.path: /usr/lib/python2.3/site-packages
Thu Oct 08 04:36:37 2009  [Info] Load application executable with subprocess module
Thu Oct 08 04:36:37 2009  [Info] GZipping stdout and stderr...
Thu Oct 08 04:36:37 2009  [Info] Application execution passed with exit code 0.
Thu Oct 08 04:36:37 2009  [Info] Pack outputsandbox passed.
Thu Oct 08 04:36:37 2009  [Info] Job Wrapper stop.
