[WARNING] Failed to get dbstore/BeamParameters from local database /home/jkl/FW/KITfw/basf2/tracking/vxdCaTracking/extendedExamples/docStudies/localdb/database.txt.  { module: -global- }
[INFO] SpacePointCreatorSVDModule(spacePoints)::initialize: names set for containers:

svdClusters: SVDClusters
spacePoints: spacePoints
[WARNING] StudyMaterialEffectsModule::initialize: nBranches: 10  { module: StudyMaterialEffects }
[INFO] Begin of new run
[INFO] VXDSimpleClusterizer: parameter onlyPrimaries is set to true, means that there are no secondary hits (for 1-track events this means no ghost hits guaranteed)
[INFO] Processed:   1 runs,      1 events
[INFO] Processed:   1 runs,      2 events
[INFO] Processed:   1 runs,      3 events
[INFO] Processed:   1 runs,      4 events
[INFO] Processed:   1 runs,      5 events
[INFO] Processed:   1 runs,      6 events
[INFO] Processed:   1 runs,      7 events
[INFO] Processed:   1 runs,      8 events
[INFO] Processed:   1 runs,      9 events
[INFO] Processed:   1 runs,     10 events
[INFO] Processed:   1 runs,     20 events
[INFO] Processed:   1 runs,     30 events
[INFO] Processed:   1 runs,     40 events
[INFO] Processed:   1 runs,     50 events
[INFO] Processed:   1 runs,     60 events
[INFO] Processed:   1 runs,     70 events
[INFO] Processed:   1 runs,     80 events
[INFO] Processed:   1 runs,     90 events
[INFO] Processed:   1 runs,    100 events
[INFO] Processed:   1 runs,    200 events
[INFO] Processed:   1 runs,    300 events
[INFO] Processed:   1 runs,    400 events
[INFO] Processed:   1 runs,    500 events
[INFO] Processed:   1 runs,    600 events
[INFO] Processed:   1 runs,    700 events
[INFO] Processed:   1 runs,    800 events
[INFO] Processed:   1 runs,    900 events
[INFO] Processed:   1 runs,   1000 events
[INFO] VXDSimpleClusterizerModule::EndRun:
SimpleClusterizerModule discarded 0 PXDTrueHits and 0 SVDTrueHits because of low E-deposit-threshold and discarded 0 PXDTrueHits and 660 SVDTrueHits because they were fake
[WARNING] A file /home/jkl/FW/KITfw/basf2/tracking/vxdCaTracking/extendedExamples/docStudies/simpleClusterizerseed12nEv1000pGun1_1T.root is already registered and will be overwritten in the catalog.  { module: RootOutput }
[WARNING] StudyMaterialEffects: there were 951 events with hits resulting in root output  { module: StudyMaterialEffects }
[INFO] SpacePointCreatorSVDModule(spacePoints)::terminate: total number of occured instances:
, svdClusters: 7778, spacePoints: 3889
[INFO] ================================================================================
[INFO] Error summary: 0 errors and 4 warnings occurred.
[WARNING] Failed to get dbstore/BeamParameters from local database /home/jkl/FW/KITfw/basf2/tracking/vxdCaTracking/extendedExamples/docStudies/localdb/database.txt.
[WARNING] StudyMaterialEffectsModule::initialize: nBranches: 10
[WARNING] A file /home/jkl/FW/KITfw/basf2/tracking/vxdCaTracking/extendedExamples/docStudies/simpleClusterizerseed12nEv1000pGun1_1T.root is already registered and will be overwritten in the catalog.
[WARNING] StudyMaterialEffects: there were 951 events with hits resulting in root output
[INFO] ================================================================================

