Mon Oct 12 06:53:34 2009  [Info] Changed working directory to scratch directory /tmp/pbs.5461274.pbs3/gangajob_BMe24682
Mon Oct 12 06:53:34 2009  [Info] Job Wrapper start.
Mon Oct 12 06:53:34 2009  [Info] Download inputsandbox from iocache passed.
Mon Oct 12 06:53:34 2009  [Info] Unpack inputsandbox passed.
Mon Oct 12 06:53:34 2009  [Info] Loading Python modules ...
Mon Oct 12 06:53:34 2009  [Info]  ** PYTHONPATH: /opt/lcg/lib64/python:/opt/glite/lib/python2.3/site-packages/amga
Mon Oct 12 06:53:34 2009  [Info]  ** sys.path: /tmp/pbs.5461274.pbs3/gangajob_BMe24682/_python
Mon Oct 12 06:53:34 2009  [Info]  ** sys.path: /tmp/home/belle172/globus-tmp.c01-002-101.24390.0/https_3a_2f_2fkek2-lb.cc.kek.jp_3a9000_2f_5fCxZOvcpUZ69RGmw1BMjHQ
Mon Oct 12 06:53:34 2009  [Info]  ** sys.path: /opt/lcg/lib64/python
Mon Oct 12 06:53:34 2009  [Info]  ** sys.path: /opt/glite/lib/python2.3/site-packages/amga
Mon Oct 12 06:53:34 2009  [Info]  ** sys.path: /usr/lib64/python24.zip
Mon Oct 12 06:53:34 2009  [Info]  ** sys.path: /usr/lib64/python2.4
Mon Oct 12 06:53:34 2009  [Info]  ** sys.path: /usr/lib64/python2.4/plat-linux2
Mon Oct 12 06:53:34 2009  [Info]  ** sys.path: /usr/lib64/python2.4/lib-tk
Mon Oct 12 06:53:34 2009  [Info]  ** sys.path: /usr/lib64/python2.4/lib-dynload
Mon Oct 12 06:53:34 2009  [Info]  ** sys.path: /usr/lib64/python2.4/site-packages
Mon Oct 12 06:53:34 2009  [Info]  ** sys.path: /usr/lib64/python2.4/site-packages/gtk-2.0
Mon Oct 12 06:53:34 2009  [Info]  ** sys.path: /usr/lib/python2.4/site-packages
Mon Oct 12 06:53:34 2009  [Info] Load application executable with subprocess module
Mon Oct 12 06:53:35 2009  [Info] GZipping stdout and stderr...
Mon Oct 12 06:53:35 2009  [Info] Application execution passed with exit code 0.
Mon Oct 12 06:53:35 2009  [Info] Pack outputsandbox passed.
Mon Oct 12 06:53:35 2009  [Info] Job Wrapper stop.
