# This file was automatically created by FeynRules 2.0.26
# Mathematica version: 9.0 for Linux x86 (64-bit) (November 20, 2012)
# Date: Wed 23 Jul 2014 02:04:07


# 
# This is the logfile for the model DarkPhotonPion

# Authors: ym zhong
# Model version: 1.0
# Checking the Quantum numbers
   * Electric charge defined.
# Checking the Lagrangians
   * All Lagrangians are ok.
#
# Particle definitions
#

   * No particles removed. All particles correspond to GenInt setup.

# Automatically assigned PDG numbers
   * Assigned PDG number 9000001 to particle chi
   * Assigned PDG number 9000002 to particle ghA
   * Assigned PDG number 9000003 to particle ghZ
   * Assigned PDG number 9000004 to particle ghWp
   * Assigned PDG number 9000005 to particle ghWm
   * Assigned PDG number 9000006 to particle ghG
   * Assigned PDG number 9000007 to particle ghAp
   * Assigned PDG number 9000008 to particle Ap


# Compulsory PDG codes:
   * Class SM leptons complete.
   * Class SM neutrinos complete.
   * Class SM quarks complete.
   * Class SM gauge bosons complete.
#
# Parameter definitions
#

   * All parameters are ok.


# Vertices
   * Calling FeynmanRules for 6 Lagrangians.
   * Number of classes vertices: 40
   * Number of flavored vertices: 90
   * Saved vertices in InterfaceRun[ 1 ].
   * Checked QNumber conservation.
      - Quantum number GhostNumber conserved in all vertices.
      - Quantum number LeptonNumber conserved in all vertices.
      - Quantum number Q conserved in all vertices.
   * particles.py written.
   * parameters.py written.
#
# Vertex definitions
#

   * 90 vertices written.
   * vertices.py written.
#
# Lorentz structure definitions
#

   * 18 lorentz structures written.
   * lorentz.py written.
#
# Coupling definitions
#

   * 56 couplings written.
   * couplings.py written.
#
# Coupling order definitions
#

   * 0 couplings orders written.
   * coupling_orders.py written.
#
# Decay definitions
#

   * 13 decays written.
   * decay.py not written
