Mon Oct 12 23:55:01 2009  [Info] Changed working directory to scratch directory /data0/grid/gangajob_zhNU1764
Mon Oct 12 23:55:01 2009  [Info] Job Wrapper start.
Mon Oct 12 23:55:01 2009  [Info] Download inputsandbox from iocache passed.
Mon Oct 12 23:55:01 2009  [Info] Unpack inputsandbox passed.
Mon Oct 12 23:55:01 2009  [Info] Loading Python modules ...
Mon Oct 12 23:55:01 2009  [Info]  ** PYTHONPATH: /opt/glite/lib/python:/opt/glite/lib/python2.3/site-packages:/opt/lcg/lib/python:/opt/lcg/lib/python2.3/site-packages:/opt/glite/lib/python2.3/site-packages/amga
Mon Oct 12 23:55:01 2009  [Info]  ** sys.path: /data0/grid/gangajob_zhNU1764/_python
Mon Oct 12 23:55:01 2009  [Info]  ** sys.path: /data0/pbs/pbstmp.1778173.brenta.ijs.si/https_3a_2f_2fkek2-lb.cc.kek.jp_3a9000_2fC2uFALhUaPBl2bSQN5QAhg
Mon Oct 12 23:55:01 2009  [Info]  ** sys.path: /opt/glite/lib/python
Mon Oct 12 23:55:01 2009  [Info]  ** sys.path: /opt/glite/lib/python2.3/site-packages
Mon Oct 12 23:55:01 2009  [Info]  ** sys.path: /opt/lcg/lib/python
Mon Oct 12 23:55:01 2009  [Info]  ** sys.path: /opt/lcg/lib/python2.3/site-packages
Mon Oct 12 23:55:01 2009  [Info]  ** sys.path: /opt/glite/lib/python2.3/site-packages/amga
Mon Oct 12 23:55:01 2009  [Info]  ** sys.path: /usr/lib64/python23.zip
Mon Oct 12 23:55:01 2009  [Info]  ** sys.path: /usr/lib64/python2.3
Mon Oct 12 23:55:01 2009  [Info]  ** sys.path: /usr/lib64/python2.3/plat-linux2
Mon Oct 12 23:55:01 2009  [Info]  ** sys.path: /usr/lib64/python2.3/lib-tk
Mon Oct 12 23:55:01 2009  [Info]  ** sys.path: /usr/lib64/python2.3/lib-dynload
Mon Oct 12 23:55:01 2009  [Info]  ** sys.path: /usr/lib64/python2.3/site-packages
Mon Oct 12 23:55:01 2009  [Info]  ** sys.path: /usr/lib64/python2.3/site-packages/gtk-2.0
Mon Oct 12 23:55:01 2009  [Info]  ** sys.path: /usr/lib/python2.3/site-packages
Mon Oct 12 23:55:02 2009  [Info] Load application executable with subprocess module
Mon Oct 12 23:55:02 2009  [Info] GZipping stdout and stderr...
Mon Oct 12 23:55:02 2009  [Info] Application execution passed with exit code 0.
Mon Oct 12 23:55:02 2009  [Info] Pack outputsandbox passed.
Mon Oct 12 23:55:02 2009  [Info] Job Wrapper stop.
