This file contains any messages produced by compilers while
running configure, to aid debugging if configure makes a mistake.

It was created by configure, which was
generated by GNU Autoconf 2.59.  Invocation command line was

  $ ./configure 

## --------- ##
## Platform. ##
## --------- ##

hostname = protein-wiki.kisti.re.kr
uname -m = x86_64
uname -r = 2.6.18-92.el5xen
uname -s = Linux
uname -v = #1 SMP Tue Jun 10 19:20:18 EDT 2008

/usr/bin/uname -p = unknown
/bin/uname -X     = unknown

/bin/arch              = x86_64
/usr/bin/arch -k       = unknown
/usr/convex/getsysinfo = unknown
hostinfo               = unknown
/bin/machine           = unknown
/usr/bin/oslevel       = unknown
/bin/universe          = unknown

PATH: /belle/local/bin
PATH: /belle/cern/2006/bin
PATH: /belle/belle/b20090127_0910/x86_64-unknown-linux-gnu/opt/bin
PATH: /belle/belle/b20090127_0910/share/bin
PATH: /belle/cern/root/bin
PATH: /usr/kerberos/bin
PATH: /usr/local/bin
PATH: /usr/bin
PATH: /bin
PATH: /usr/X11R6/bin
PATH: /sbin
PATH: /usr/sbin


## ----------- ##
## Core tests. ##
## ----------- ##

configure:1362: checking build system type
configure:1380: result: x86_64-unknown-linux-gnu
configure:1388: checking host system type
configure:1402: result: x86_64-unknown-linux-gnu
configure:1410: checking target system type
configure:1424: result: x86_64-unknown-linux-gnu
configure:1492: checking for gcc
configure:1508: found /usr/bin/gcc
configure:1518: result: gcc
configure:1762: checking for C compiler version
configure:1765: gcc --version </dev/null >&5
gcc (GCC) 4.1.2 20071124 (Red Hat 4.1.2-42)
Copyright (C) 2006 Free Software Foundation, Inc.
This is free software; see the source for copying conditions.  There is NO
warranty; not even for MERCHANTABILITY or FITNESS FOR A PARTICULAR PURPOSE.

configure:1768: $? = 0
configure:1770: gcc -v </dev/null >&5
Using built-in specs.
Target: x86_64-redhat-linux
Configured with: ../configure --prefix=/usr --mandir=/usr/share/man --infodir=/usr/share/info --enable-shared --enable-threads=posix --enable-checking=release --with-system-zlib --enable-__cxa_atexit --disable-libunwind-exceptions --enable-libgcj-multifile --enable-languages=c,c++,objc,obj-c++,java,fortran,ada --enable-java-awt=gtk --disable-dssi --enable-plugin --with-java-home=/usr/lib/jvm/java-1.4.2-gcj-1.4.2.0/jre --with-cpu=generic --host=x86_64-redhat-linux
Thread model: posix
gcc version 4.1.2 20071124 (Red Hat 4.1.2-42)
configure:1773: $? = 0
configure:1775: gcc -V </dev/null >&5
gcc: '-V' option must have argument
configure:1778: $? = 1
configure:1801: checking for C compiler default output file name
configure:1804: gcc    conftest.c  >&5
configure:1807: $? = 0
configure:1853: result: a.out
configure:1858: checking whether the C compiler works
configure:1864: ./a.out
configure:1867: $? = 0
configure:1884: result: yes
configure:1891: checking whether we are cross compiling
configure:1893: result: no
configure:1896: checking for suffix of executables
configure:1898: gcc -o conftest    conftest.c  >&5
configure:1901: $? = 0
configure:1926: result: 
configure:1932: checking for suffix of object files
configure:1953: gcc -c   conftest.c >&5
configure:1956: $? = 0
configure:1978: result: o
configure:1982: checking whether we are using the GNU C compiler
configure:2006: gcc -c   conftest.c >&5
configure:2012: $? = 0
configure:2016: test -z 
			 || test ! -s conftest.err
configure:2019: $? = 0
configure:2022: test -s conftest.o
configure:2025: $? = 0
configure:2038: result: yes
configure:2044: checking whether gcc accepts -g
configure:2065: gcc -c -g  conftest.c >&5
configure:2071: $? = 0
configure:2075: test -z 
			 || test ! -s conftest.err
configure:2078: $? = 0
configure:2081: test -s conftest.o
configure:2084: $? = 0
configure:2095: result: yes
configure:2112: checking for gcc option to accept ANSI C
configure:2182: gcc  -c -g -O2  conftest.c >&5
configure:2188: $? = 0
configure:2192: test -z 
			 || test ! -s conftest.err
configure:2195: $? = 0
configure:2198: test -s conftest.o
configure:2201: $? = 0
configure:2219: result: none needed
configure:2237: gcc -c -g -O2  conftest.c >&5
conftest.c:2: error: expected '=', ',', ';', 'asm' or '__attribute__' before 'me'
configure:2243: $? = 1
configure: failed program was:
| #ifndef __cplusplus
|   choke me
| #endif
configure:2381: checking how to run the C preprocessor
configure:2416: gcc -E  conftest.c
configure:2422: $? = 0
configure:2454: gcc -E  conftest.c
conftest.c:9:28: error: ac_nonexistent.h: No such file or directory
configure:2460: $? = 1
configure: failed program was:
| /* confdefs.h.  */
| 
| #define PACKAGE_NAME ""
| #define PACKAGE_TARNAME ""
| #define PACKAGE_VERSION ""
| #define PACKAGE_STRING ""
| #define PACKAGE_BUGREPORT ""
| /* end confdefs.h.  */
| #include <ac_nonexistent.h>
configure:2499: result: gcc -E
configure:2523: gcc -E  conftest.c
configure:2529: $? = 0
configure:2561: gcc -E  conftest.c
conftest.c:9:28: error: ac_nonexistent.h: No such file or directory
configure:2567: $? = 1
configure: failed program was:
| /* confdefs.h.  */
| 
| #define PACKAGE_NAME ""
| #define PACKAGE_TARNAME ""
| #define PACKAGE_VERSION ""
| #define PACKAGE_STRING ""
| #define PACKAGE_BUGREPORT ""
| /* end confdefs.h.  */
| #include <ac_nonexistent.h>
configure:2662: checking for g++
configure:2678: found /usr/bin/g++
configure:2688: result: g++
configure:2704: checking for C++ compiler version
configure:2707: g++ --version </dev/null >&5
g++ (GCC) 4.1.2 20071124 (Red Hat 4.1.2-42)
Copyright (C) 2006 Free Software Foundation, Inc.
This is free software; see the source for copying conditions.  There is NO
warranty; not even for MERCHANTABILITY or FITNESS FOR A PARTICULAR PURPOSE.

configure:2710: $? = 0
configure:2712: g++ -v </dev/null >&5
Using built-in specs.
Target: x86_64-redhat-linux
Configured with: ../configure --prefix=/usr --mandir=/usr/share/man --infodir=/usr/share/info --enable-shared --enable-threads=posix --enable-checking=release --with-system-zlib --enable-__cxa_atexit --disable-libunwind-exceptions --enable-libgcj-multifile --enable-languages=c,c++,objc,obj-c++,java,fortran,ada --enable-java-awt=gtk --disable-dssi --enable-plugin --with-java-home=/usr/lib/jvm/java-1.4.2-gcj-1.4.2.0/jre --with-cpu=generic --host=x86_64-redhat-linux
Thread model: posix
gcc version 4.1.2 20071124 (Red Hat 4.1.2-42)
configure:2715: $? = 0
configure:2717: g++ -V </dev/null >&5
g++: '-V' option must have argument
configure:2720: $? = 1
configure:2723: checking whether we are using the GNU C++ compiler
configure:2747: g++ -c   conftest.cc >&5
configure:2753: $? = 0
configure:2757: test -z 
			 || test ! -s conftest.err
configure:2760: $? = 0
configure:2763: test -s conftest.o
configure:2766: $? = 0
configure:2779: result: yes
configure:2785: checking whether g++ accepts -g
configure:2806: g++ -c -g  conftest.cc >&5
configure:2812: $? = 0
configure:2816: test -z 
			 || test ! -s conftest.err
configure:2819: $? = 0
configure:2822: test -s conftest.o
configure:2825: $? = 0
configure:2836: result: yes
configure:2878: g++ -c -g -O2  conftest.cc >&5
configure:2884: $? = 0
configure:2888: test -z 
			 || test ! -s conftest.err
configure:2891: $? = 0
configure:2894: test -s conftest.o
configure:2897: $? = 0
configure:2923: g++ -c -g -O2  conftest.cc >&5
conftest.cc: In function 'int main()':
conftest.cc:13: error: 'exit' was not declared in this scope
configure:2929: $? = 1
configure: failed program was:
| /* confdefs.h.  */
| 
| #define PACKAGE_NAME ""
| #define PACKAGE_TARNAME ""
| #define PACKAGE_VERSION ""
| #define PACKAGE_STRING ""
| #define PACKAGE_BUGREPORT ""
| /* end confdefs.h.  */
| 
| int
| main ()
| {
| exit (42);
|   ;
|   return 0;
| }
configure:2878: g++ -c -g -O2  conftest.cc >&5
configure:2884: $? = 0
configure:2888: test -z 
			 || test ! -s conftest.err
configure:2891: $? = 0
configure:2894: test -s conftest.o
configure:2897: $? = 0
configure:2923: g++ -c -g -O2  conftest.cc >&5
configure:2929: $? = 0
configure:2933: test -z 
			 || test ! -s conftest.err
configure:2936: $? = 0
configure:2939: test -s conftest.o
configure:2942: $? = 0
configure:2970: checking how to run the C++ preprocessor
configure:3001: g++ -E  conftest.cc
configure:3007: $? = 0
configure:3039: g++ -E  conftest.cc
conftest.cc:12:28: error: ac_nonexistent.h: No such file or directory
configure:3045: $? = 1
configure: failed program was:
| /* confdefs.h.  */
| 
| #define PACKAGE_NAME ""
| #define PACKAGE_TARNAME ""
| #define PACKAGE_VERSION ""
| #define PACKAGE_STRING ""
| #define PACKAGE_BUGREPORT ""
| #ifdef __cplusplus
| extern "C" void std::exit (int) throw (); using std::exit;
| #endif
| /* end confdefs.h.  */
| #include <ac_nonexistent.h>
configure:3084: result: g++ -E
configure:3108: g++ -E  conftest.cc
configure:3114: $? = 0
configure:3146: g++ -E  conftest.cc
conftest.cc:12:28: error: ac_nonexistent.h: No such file or directory
configure:3152: $? = 1
configure: failed program was:
| /* confdefs.h.  */
| 
| #define PACKAGE_NAME ""
| #define PACKAGE_TARNAME ""
| #define PACKAGE_VERSION ""
| #define PACKAGE_STRING ""
| #define PACKAGE_BUGREPORT ""
| #ifdef __cplusplus
| extern "C" void std::exit (int) throw (); using std::exit;
| #endif
| /* end confdefs.h.  */
| #include <ac_nonexistent.h>
configure:3199: checking for f77
configure:3225: result: g77
configure:3238: checking for perl
configure:3256: found /usr/bin/perl
configure:3268: result: /usr/bin/perl
configure:3319: g++ -c -g -O2 -MM conftest.cc >&5
conftest.o: conftest.cc
configure:3325: $? = 0
configure:3329: test -z 
			 || test ! -s conftest.err
configure:3332: $? = 0
configure:3335: test -s conftest.o
configure:3338: $? = 1
configure: failed program was:
| /* confdefs.h.  */
| 
| #define PACKAGE_NAME ""
| #define PACKAGE_TARNAME ""
| #define PACKAGE_VERSION ""
| #define PACKAGE_STRING ""
| #define PACKAGE_BUGREPORT ""
| #ifdef __cplusplus
| extern "C" void std::exit (int) throw (); using std::exit;
| #endif
| /* end confdefs.h.  */
| 
| int
| main ()
| {
| 
|   ;
|   return 0;
| }
configure:3352: checking whether byte ordering is bigendian
configure:3379: g++ -c -g -O2  conftest.cc >&5
configure:3385: $? = 0
configure:3389: test -z 
			 || test ! -s conftest.err
configure:3392: $? = 0
configure:3395: test -s conftest.o
configure:3398: $? = 0
configure:3422: g++ -c -g -O2  conftest.cc >&5
conftest.cc: In function 'int main()':
conftest.cc:19: error: 'big' was not declared in this scope
conftest.cc:19: error: expected `;' before 'endian'
configure:3428: $? = 1
configure: failed program was:
| /* confdefs.h.  */
| 
| #define PACKAGE_NAME ""
| #define PACKAGE_TARNAME ""
| #define PACKAGE_VERSION ""
| #define PACKAGE_STRING ""
| #define PACKAGE_BUGREPORT ""
| #ifdef __cplusplus
| extern "C" void std::exit (int) throw (); using std::exit;
| #endif
| /* end confdefs.h.  */
| #include <sys/types.h>
| #include <sys/param.h>
| 
| int
| main ()
| {
| #if BYTE_ORDER != BIG_ENDIAN
|  not big endian
| #endif
| 
|   ;
|   return 0;
| }
configure:3563: result: no
configure:3627: checking for tgetnum in -lcurses
configure:3657: g++ -o conftest -g -O2   conftest.cc -lcurses  -L/belle/local/lib >&5
configure:3663: $? = 0
configure:3667: test -z 
			 || test ! -s conftest.err
configure:3670: $? = 0
configure:3673: test -s conftest
configure:3676: $? = 0
configure:3689: result: yes
configure:3701: checking for readline in -lreadline
configure:3731: g++ -o conftest -g -O2   conftest.cc -lreadline  -lcurses -L/belle/local/lib >&5
configure:3737: $? = 0
configure:3741: test -z 
			 || test ! -s conftest.err
configure:3744: $? = 0
configure:3747: test -s conftest
configure:3750: $? = 0
configure:3763: result: yes
configure:3837: checking for egrep
configure:3847: result: grep -E
configure:3852: checking for ANSI C header files
configure:3877: g++ -c -g -O2  -I/belle/local/include conftest.cc >&5
configure:3883: $? = 0
configure:3887: test -z 
			 || test ! -s conftest.err
configure:3890: $? = 0
configure:3893: test -s conftest.o
configure:3896: $? = 0
configure:3985: g++ -o conftest -g -O2  -I/belle/local/include  conftest.cc -lreadline -lcurses -L/belle/local/lib >&5
configure:3988: $? = 0
configure:3990: ./conftest
configure:3993: $? = 0
configure:4008: result: yes
configure:4032: checking for sys/types.h
configure:4048: g++ -c -g -O2  -I/belle/local/include conftest.cc >&5
configure:4054: $? = 0
configure:4058: test -z 
			 || test ! -s conftest.err
configure:4061: $? = 0
configure:4064: test -s conftest.o
configure:4067: $? = 0
configure:4078: result: yes
configure:4032: checking for sys/stat.h
configure:4048: g++ -c -g -O2  -I/belle/local/include conftest.cc >&5
configure:4054: $? = 0
configure:4058: test -z 
			 || test ! -s conftest.err
configure:4061: $? = 0
configure:4064: test -s conftest.o
configure:4067: $? = 0
configure:4078: result: yes
configure:4032: checking for stdlib.h
configure:4048: g++ -c -g -O2  -I/belle/local/include conftest.cc >&5
configure:4054: $? = 0
configure:4058: test -z 
			 || test ! -s conftest.err
configure:4061: $? = 0
configure:4064: test -s conftest.o
configure:4067: $? = 0
configure:4078: result: yes
configure:4032: checking for string.h
configure:4048: g++ -c -g -O2  -I/belle/local/include conftest.cc >&5
configure:4054: $? = 0
configure:4058: test -z 
			 || test ! -s conftest.err
configure:4061: $? = 0
configure:4064: test -s conftest.o
configure:4067: $? = 0
configure:4078: result: yes
configure:4032: checking for memory.h
configure:4048: g++ -c -g -O2  -I/belle/local/include conftest.cc >&5
configure:4054: $? = 0
configure:4058: test -z 
			 || test ! -s conftest.err
configure:4061: $? = 0
configure:4064: test -s conftest.o
configure:4067: $? = 0
configure:4078: result: yes
configure:4032: checking for strings.h
configure:4048: g++ -c -g -O2  -I/belle/local/include conftest.cc >&5
configure:4054: $? = 0
configure:4058: test -z 
			 || test ! -s conftest.err
configure:4061: $? = 0
configure:4064: test -s conftest.o
configure:4067: $? = 0
configure:4078: result: yes
configure:4032: checking for inttypes.h
configure:4048: g++ -c -g -O2  -I/belle/local/include conftest.cc >&5
configure:4054: $? = 0
configure:4058: test -z 
			 || test ! -s conftest.err
configure:4061: $? = 0
configure:4064: test -s conftest.o
configure:4067: $? = 0
configure:4078: result: yes
configure:4032: checking for stdint.h
configure:4048: g++ -c -g -O2  -I/belle/local/include conftest.cc >&5
configure:4054: $? = 0
configure:4058: test -z 
			 || test ! -s conftest.err
configure:4061: $? = 0
configure:4064: test -s conftest.o
configure:4067: $? = 0
configure:4078: result: yes
configure:4032: checking for unistd.h
configure:4048: g++ -c -g -O2  -I/belle/local/include conftest.cc >&5
configure:4054: $? = 0
configure:4058: test -z 
			 || test ! -s conftest.err
configure:4061: $? = 0
configure:4064: test -s conftest.o
configure:4067: $? = 0
configure:4078: result: yes
configure:4100: checking postgres.h usability
configure:4112: g++ -c -g -O2  -I/belle/local/include conftest.cc >&5
conftest.cc:58:22: error: postgres.h: No such file or directory
configure:4118: $? = 1
configure: failed program was:
| /* confdefs.h.  */
| 
| #define PACKAGE_NAME ""
| #define PACKAGE_TARNAME ""
| #define PACKAGE_VERSION ""
| #define PACKAGE_STRING ""
| #define PACKAGE_BUGREPORT ""
| #ifdef __cplusplus
| extern "C" void std::exit (int) throw (); using std::exit;
| #endif
| #define HAVE_LIBCURSES 1
| #define HAVE_LIBREADLINE 1
| #define STDC_HEADERS 1
| #define HAVE_SYS_TYPES_H 1
| #define HAVE_SYS_STAT_H 1
| #define HAVE_STDLIB_H 1
| #define HAVE_STRING_H 1
| #define HAVE_MEMORY_H 1
| #define HAVE_STRINGS_H 1
| #define HAVE_INTTYPES_H 1
| #define HAVE_STDINT_H 1
| #define HAVE_UNISTD_H 1
| /* end confdefs.h.  */
| #include <stdio.h>
| #if HAVE_SYS_TYPES_H
| # include <sys/types.h>
| #endif
| #if HAVE_SYS_STAT_H
| # include <sys/stat.h>
| #endif
| #if STDC_HEADERS
| # include <stdlib.h>
| # include <stddef.h>
| #else
| # if HAVE_STDLIB_H
| #  include <stdlib.h>
| # endif
| #endif
| #if HAVE_STRING_H
| # if !STDC_HEADERS && HAVE_MEMORY_H
| #  include <memory.h>
| # endif
| # include <string.h>
| #endif
| #if HAVE_STRINGS_H
| # include <strings.h>
| #endif
| #if HAVE_INTTYPES_H
| # include <inttypes.h>
| #else
| # if HAVE_STDINT_H
| #  include <stdint.h>
| # endif
| #endif
| #if HAVE_UNISTD_H
| # include <unistd.h>
| #endif
| #include <postgres.h>
configure:4141: result: no
configure:4145: checking postgres.h presence
configure:4155: g++ -E  -I/belle/local/include conftest.cc
conftest.cc:24:22: error: postgres.h: No such file or directory
configure:4161: $? = 1
configure: failed program was:
| /* confdefs.h.  */
| 
| #define PACKAGE_NAME ""
| #define PACKAGE_TARNAME ""
| #define PACKAGE_VERSION ""
| #define PACKAGE_STRING ""
| #define PACKAGE_BUGREPORT ""
| #ifdef __cplusplus
| extern "C" void std::exit (int) throw (); using std::exit;
| #endif
| #define HAVE_LIBCURSES 1
| #define HAVE_LIBREADLINE 1
| #define STDC_HEADERS 1
| #define HAVE_SYS_TYPES_H 1
| #define HAVE_SYS_STAT_H 1
| #define HAVE_STDLIB_H 1
| #define HAVE_STRING_H 1
| #define HAVE_MEMORY_H 1
| #define HAVE_STRINGS_H 1
| #define HAVE_INTTYPES_H 1
| #define HAVE_STDINT_H 1
| #define HAVE_UNISTD_H 1
| /* end confdefs.h.  */
| #include <postgres.h>
configure:4181: result: no
configure:4216: checking for postgres.h
configure:4223: result: no
configure:5752: checking for compress in -lz
configure:5782: g++ -o conftest -g -O2   conftest.cc -lz  -L/belle/local/lib >&5
configure:5788: $? = 0
configure:5792: test -z 
			 || test ! -s conftest.err
configure:5795: $? = 0
configure:5798: test -s conftest
configure:5801: $? = 0
configure:5814: result: yes
configure:5827: checking for gethostent in -lnsl
configure:5857: g++ -o conftest -g -O2   conftest.cc -lnsl   >&5
configure:5863: $? = 0
configure:5867: test -z 
			 || test ! -s conftest.err
configure:5870: $? = 0
configure:5873: test -s conftest
configure:5876: $? = 0
configure:5889: result: yes
configure:5901: checking for socket in -lsocket
configure:5931: g++ -o conftest -g -O2   conftest.cc -lsocket  -lnsl  >&5
/usr/bin/ld: cannot find -lsocket
collect2: ld returned 1 exit status
configure:5937: $? = 1
configure: failed program was:
| /* confdefs.h.  */
| 
| #define PACKAGE_NAME ""
| #define PACKAGE_TARNAME ""
| #define PACKAGE_VERSION ""
| #define PACKAGE_STRING ""
| #define PACKAGE_BUGREPORT ""
| #ifdef __cplusplus
| extern "C" void std::exit (int) throw (); using std::exit;
| #endif
| #define HAVE_LIBCURSES 1
| #define HAVE_LIBREADLINE 1
| #define STDC_HEADERS 1
| #define HAVE_SYS_TYPES_H 1
| #define HAVE_SYS_STAT_H 1
| #define HAVE_STDLIB_H 1
| #define HAVE_STRING_H 1
| #define HAVE_MEMORY_H 1
| #define HAVE_STRINGS_H 1
| #define HAVE_INTTYPES_H 1
| #define HAVE_STDINT_H 1
| #define HAVE_UNISTD_H 1
| #define HAVE_LIBNSL 1
| /* end confdefs.h.  */
| 
| /* Override any gcc2 internal prototype to avoid an error.  */
| #ifdef __cplusplus
| extern "C"
| #endif
| /* We use char because int might match the return type of a gcc2
|    builtin and then its argument prototype would still apply.  */
| char socket ();
| int
| main ()
| {
| socket ();
|   ;
|   return 0;
| }
configure:5963: result: no
configure:5980: checking for dlopen in -ldl
configure:6010: g++ -o conftest -g -O2   conftest.cc -ldl   >&5
configure:6016: $? = 0
configure:6020: test -z 
			 || test ! -s conftest.err
configure:6023: $? = 0
configure:6026: test -s conftest
configure:6029: $? = 0
configure:6042: result: yes
configure:6054: checking for nanosleep in -lposix4
configure:6084: g++ -o conftest -g -O2   conftest.cc -lposix4  -ldl  >&5
/usr/bin/ld: cannot find -lposix4
collect2: ld returned 1 exit status
configure:6090: $? = 1
configure: failed program was:
| /* confdefs.h.  */
| 
| #define PACKAGE_NAME ""
| #define PACKAGE_TARNAME ""
| #define PACKAGE_VERSION ""
| #define PACKAGE_STRING ""
| #define PACKAGE_BUGREPORT ""
| #ifdef __cplusplus
| extern "C" void std::exit (int) throw (); using std::exit;
| #endif
| #define HAVE_LIBCURSES 1
| #define HAVE_LIBREADLINE 1
| #define STDC_HEADERS 1
| #define HAVE_SYS_TYPES_H 1
| #define HAVE_SYS_STAT_H 1
| #define HAVE_STDLIB_H 1
| #define HAVE_STRING_H 1
| #define HAVE_MEMORY_H 1
| #define HAVE_STRINGS_H 1
| #define HAVE_INTTYPES_H 1
| #define HAVE_STDINT_H 1
| #define HAVE_UNISTD_H 1
| #define HAVE_LIBNSL 1
| #define HAVE_LIBDL 1
| /* end confdefs.h.  */
| 
| /* Override any gcc2 internal prototype to avoid an error.  */
| #ifdef __cplusplus
| extern "C"
| #endif
| /* We use char because int might match the return type of a gcc2
|    builtin and then its argument prototype would still apply.  */
| char nanosleep ();
| int
| main ()
| {
| nanosleep ();
|   ;
|   return 0;
| }
configure:6116: result: no
configure:6215: checking for main in -lcrypt
configure:6239: g++ -o conftest -g -O2   conftest.cc -lcrypt   >&5
configure:6245: $? = 0
configure:6249: test -z 
			 || test ! -s conftest.err
configure:6252: $? = 0
configure:6255: test -s conftest
configure:6258: $? = 0
configure:6271: result: yes
configure:6292: checking for X
configure:6397: g++ -E  conftest.cc
configure:6403: $? = 0
configure:6522: result: libraries /usr/lib64, headers 
configure:6737: creating ./config.status

## ---------------------- ##
## Running config.status. ##
## ---------------------- ##

This file was extended by config.status, which was
generated by GNU Autoconf 2.59.  Invocation command line was

  CONFIG_FILES    = 
  CONFIG_HEADERS  = 
  CONFIG_LINKS    = 
  CONFIG_COMMANDS = 
  $ ./config.status 

on protein-wiki.kisti.re.kr

config.status:683: creating ./Makefile.common

## ---------------- ##
## Cache variables. ##
## ---------------- ##

ac_cv_build=x86_64-unknown-linux-gnu
ac_cv_build_alias=x86_64-unknown-linux-gnu
ac_cv_c_bigendian=no
ac_cv_c_compiler_gnu=yes
ac_cv_cxx_compiler_gnu=yes
ac_cv_env_CC_set=
ac_cv_env_CC_value=
ac_cv_env_CFLAGS_set=
ac_cv_env_CFLAGS_value=
ac_cv_env_CPPFLAGS_set=
ac_cv_env_CPPFLAGS_value=
ac_cv_env_CPP_set=
ac_cv_env_CPP_value=
ac_cv_env_CXXCPP_set=
ac_cv_env_CXXCPP_value=
ac_cv_env_CXXFLAGS_set=
ac_cv_env_CXXFLAGS_value=
ac_cv_env_CXX_set=
ac_cv_env_CXX_value=
ac_cv_env_LDFLAGS_set=
ac_cv_env_LDFLAGS_value=
ac_cv_env_build_alias_set=
ac_cv_env_build_alias_value=
ac_cv_env_host_alias_set=
ac_cv_env_host_alias_value=
ac_cv_env_target_alias_set=
ac_cv_env_target_alias_value=
ac_cv_exeext=
ac_cv_have_x='have_x=yes 		ac_x_includes= ac_x_libraries=/usr/lib64'
ac_cv_header_inttypes_h=yes
ac_cv_header_memory_h=yes
ac_cv_header_postgres_h=no
ac_cv_header_stdc=yes
ac_cv_header_stdint_h=yes
ac_cv_header_stdlib_h=yes
ac_cv_header_string_h=yes
ac_cv_header_strings_h=yes
ac_cv_header_sys_stat_h=yes
ac_cv_header_sys_types_h=yes
ac_cv_header_unistd_h=yes
ac_cv_host=x86_64-unknown-linux-gnu
ac_cv_host_alias=x86_64-unknown-linux-gnu
ac_cv_lib_crypt_main=yes
ac_cv_lib_curses_tgetnum=yes
ac_cv_lib_dl_dlopen=yes
ac_cv_lib_nsl_gethostent=yes
ac_cv_lib_posix4_nanosleep=no
ac_cv_lib_readline_readline=yes
ac_cv_lib_socket_socket=no
ac_cv_lib_z_compress=yes
ac_cv_objext=o
ac_cv_path_PERL=/usr/bin/perl
ac_cv_prog_CPP='gcc -E'
ac_cv_prog_CXXCPP='g++ -E'
ac_cv_prog_FC=g77
ac_cv_prog_ac_ct_CC=gcc
ac_cv_prog_ac_ct_CXX=g++
ac_cv_prog_cc_g=yes
ac_cv_prog_cc_stdc=
ac_cv_prog_cxx_g=yes
ac_cv_prog_egrep='grep -E'
ac_cv_target=x86_64-unknown-linux-gnu
ac_cv_target_alias=x86_64-unknown-linux-gnu

## ----------------- ##
## Output variables. ##
## ----------------- ##

CC='gcc'
CERNLIB_INC_DIR='/belle/cern/2006/include'
CERNLIB_LIB_DIR='/belle/cern/2006/lib'
CFLAGS='-DBELLE_TARGET_H=\"belle-x86_64-unknown-linux-gnu-g++.h\" -g -O2'
CLHEP_LIBS='-lCLHEP'
CPP='gcc -E'
CPPFLAGS=''
CXX='g++'
CXXCPP='g++ -E'
CXXFLAGS='-DHEP_SHORT_NAMES -DBELLE_SHORT_NAMES -DDSTXX_NOINLINE -DBELLE_TARGET_H=\"belle-x86_64-unknown-linux-gnu-g++.h\" -g -fPIC'
DEBUG=''
DEFS='-DPACKAGE_NAME=\"\" -DPACKAGE_TARNAME=\"\" -DPACKAGE_VERSION=\"\" -DPACKAGE_STRING=\"\" -DPACKAGE_BUGREPORT=\"\" -DHAVE_LIBCURSES=1 -DHAVE_LIBREADLINE=1 -DSTDC_HEADERS=1 -DHAVE_SYS_TYPES_H=1 -DHAVE_SYS_STAT_H=1 -DHAVE_STDLIB_H=1 -DHAVE_STRING_H=1 -DHAVE_MEMORY_H=1 -DHAVE_STRINGS_H=1 -DHAVE_INTTYPES_H=1 -DHAVE_STDINT_H=1 -DHAVE_UNISTD_H=1 -DHAVE_LIBNSL=1 -DHAVE_LIBDL=1 -DFORTRAN_PPU=1 -DHAVE_LIBCRYPT=1 '
DEPCPPFLAGS='-M'
DEPEND_FCPP='$(FC) -M'
DL_LIBS='-ldl '
ECHO_C=''
ECHO_N='-n'
ECHO_T=''
EGREP='grep -E'
EXEEXT=''
FC='g77'
FFLAGS='-DBELLE_TARGET_H=\"belle-x86_64-unknown-linux-gnu-g++.h\"  -fno-second-underscore -fno-automatic -finit-local-zero -fno-emulate-complex'
HAVE_POSTGRES='false'
LDFLAGS=''
LIBOBJS=''
LIBS=''
LINUX_G77_BUG='-e 's/\.F\.o:/.o:/''
LTLIBOBJS=''
MOTIF_INCLUDE_DIR='/usr/X11R6/include'
MOTIF_LIBS='-L/usr/X11R6/lib -lXm'
MOTIF_LIB_DIR='/usr/X11R6/lib'
OBJEXT='o'
OPT=''
PACKAGE='config'
PACKAGE_BUGREPORT=''
PACKAGE_NAME=''
PACKAGE_STRING=''
PACKAGE_TARNAME=''
PACKAGE_VERSION=''
PANTHER_CLIENT_LIBS='-lnsl '
PATH_SEPARATOR=':'
PERL='/usr/bin/perl'
POSTGRES_EXTRA_LIBS=''
POSTGRES_INCLUDE_DIR='/belle/local/include'
POSTGRES_LIBS='-L/belle/local/lib -lpq'
POSTGRES_LIB_DIR='/belle/local/lib'
READLINE_INCLUDE_DIR='/belle/local/include'
READLINE_LIBS='-L/belle/local/lib -lreadline -lcurses '
READLINE_LIB_DIR='/belle/local/lib'
SHELL='/bin/sh'
SOFLAGS='-shared -Wl,-export-dynamic'
SYSLIB='-lcrypt   -L/usr/lib/gcc/x86_64-redhat-linux/3.4.6 -L/usr/lib/gcc/x86_64-redhat-linux/3.4.6 -L/usr/lib/gcc/x86_64-redhat-linux/3.4.6/../../../../lib64 -L/usr/lib/gcc/x86_64-redhat-linux/3.4.6/../../.. -L/lib/../lib64 -L/usr/lib/../lib64 -lfrtbegin -lg2c -lm -lgcc_s -lgcc -lgcc_s -lgcc'
TARGET='x86_64-unknown-linux-gnu'
VERSION='1.0'
ZLIB_INCLUDE_DIR='/belle/local/include'
ZLIB_LIBS='-L/belle/local/lib -lz'
ZLIB_LIB_DIR='/belle/local/lib'
ac_ct_CC='gcc'
ac_ct_CXX='g++'
bindir='${exec_prefix}/bin'
build='x86_64-unknown-linux-gnu'
build_alias=''
build_cpu='x86_64'
build_os='linux-gnu'
build_vendor='unknown'
datadir='${prefix}/share'
exec_prefix='${prefix}'
host='x86_64-unknown-linux-gnu'
host_alias=''
host_cpu='x86_64'
host_os='linux-gnu'
host_vendor='unknown'
includedir='${prefix}/include'
infodir='${prefix}/info'
libdir='${exec_prefix}/lib'
libexecdir='${exec_prefix}/libexec'
localstatedir='${prefix}/var'
mandir='${prefix}/man'
oldincludedir='/usr/include'
prefix='/usr/local'
program_transform_name='s,x,x,'
sbindir='${exec_prefix}/sbin'
sharedstatedir='${prefix}/com'
sysconfdir='${prefix}/etc'
target='x86_64-unknown-linux-gnu'
target_alias=''
target_cpu='x86_64'
target_os='linux-gnu'
target_vendor='unknown'
x_includes=''
x_libraries='/usr/lib64'

## ----------- ##
## confdefs.h. ##
## ----------- ##

#define FORTRAN_PPU 1
#define HAVE_INTTYPES_H 1
#define HAVE_LIBCRYPT 1
#define HAVE_LIBCURSES 1
#define HAVE_LIBDL 1
#define HAVE_LIBNSL 1
#define HAVE_LIBREADLINE 1
#define HAVE_MEMORY_H 1
#define HAVE_STDINT_H 1
#define HAVE_STDLIB_H 1
#define HAVE_STRINGS_H 1
#define HAVE_STRING_H 1
#define HAVE_SYS_STAT_H 1
#define HAVE_SYS_TYPES_H 1
#define HAVE_UNISTD_H 1
#define PACKAGE_BUGREPORT ""
#define PACKAGE_NAME ""
#define PACKAGE_STRING ""
#define PACKAGE_TARNAME ""
#define PACKAGE_VERSION ""
#define STDC_HEADERS 1
#endif
#ifdef __cplusplus
extern "C" void std::exit (int) throw (); using std::exit;

configure: exit 0
