Tue Oct 13 06:17:43 2009  [Info] Job Wrapper start.
Tue Oct 13 06:17:43 2009  [Info] Download inputsandbox from iocache passed.
Tue Oct 13 06:17:43 2009  [Info] Unpack inputsandbox passed.
Tue Oct 13 06:17:43 2009  [Info] Loading Python modules ...
Tue Oct 13 06:17:43 2009  [Info]  ** PYTHONPATH: /opt/glite/lib/python:/opt/glite/lib/python2.3/site-packages:/opt/lcg/lib/python:/opt/lcg/lib/python2.3/site-packages:/opt/glite/lib/python2.3/site-packages/amga
Tue Oct 13 06:17:43 2009  [Info]  ** sys.path: /home/ble114/globus-tmp.agc14.18095.0/https_3a_2f_2fkek2-lb.cc.kek.jp_3a9000_2fuhZKFkeHfvxyvK4agjur0g/_python
Tue Oct 13 06:17:43 2009  [Info]  ** sys.path: /home/ble114/globus-tmp.agc14.18095.0/https_3a_2f_2fkek2-lb.cc.kek.jp_3a9000_2fuhZKFkeHfvxyvK4agjur0g
Tue Oct 13 06:17:43 2009  [Info]  ** sys.path: /opt/glite/lib/python
Tue Oct 13 06:17:43 2009  [Info]  ** sys.path: /opt/glite/lib/python2.3/site-packages
Tue Oct 13 06:17:43 2009  [Info]  ** sys.path: /opt/lcg/lib/python
Tue Oct 13 06:17:43 2009  [Info]  ** sys.path: /opt/lcg/lib/python2.3/site-packages
Tue Oct 13 06:17:43 2009  [Info]  ** sys.path: /opt/glite/lib/python2.3/site-packages/amga
Tue Oct 13 06:17:43 2009  [Info]  ** sys.path: /usr/lib/python23.zip
Tue Oct 13 06:17:43 2009  [Info]  ** sys.path: /usr/lib/python2.3
Tue Oct 13 06:17:43 2009  [Info]  ** sys.path: /usr/lib/python2.3/plat-linux2
Tue Oct 13 06:17:43 2009  [Info]  ** sys.path: /usr/lib/python2.3/lib-tk
Tue Oct 13 06:17:43 2009  [Info]  ** sys.path: /usr/lib/python2.3/lib-dynload
Tue Oct 13 06:17:43 2009  [Info]  ** sys.path: /usr/lib/python2.3/site-packages
Tue Oct 13 06:17:43 2009  [Info] Load application executable with subprocess module
Tue Oct 13 06:17:43 2009  [Info] GZipping stdout and stderr...
Tue Oct 13 06:17:43 2009  [Info] Application execution passed with exit code 0.
Tue Oct 13 06:17:43 2009  [Info] Pack outputsandbox passed.
Tue Oct 13 06:17:43 2009  [Info] Job Wrapper stop.
