Tue Oct 13 00:32:35 2009  [Info] Changed working directory to scratch directory /tmp/pbs.5518975.pbs3/gangajob_BxF22005
Tue Oct 13 00:32:35 2009  [Info] Job Wrapper start.
Tue Oct 13 00:32:35 2009  [Info] Download inputsandbox from iocache passed.
Tue Oct 13 00:32:35 2009  [Info] Unpack inputsandbox passed.
Tue Oct 13 00:32:35 2009  [Info] Loading Python modules ...
Tue Oct 13 00:32:35 2009  [Info]  ** PYTHONPATH: /opt/lcg/lib64/python:/opt/glite/lib/python2.3/site-packages/amga
Tue Oct 13 00:32:35 2009  [Info]  ** sys.path: /tmp/pbs.5518975.pbs3/gangajob_BxF22005/_python
Tue Oct 13 00:32:35 2009  [Info]  ** sys.path: /tmp/home/belle172/globus-tmp.c01-027-101.21230.0/https_3a_2f_2fkek2-lb.cc.kek.jp_3a9000_2fYPCcC9oISTe9vM0pz4N5oA
Tue Oct 13 00:32:35 2009  [Info]  ** sys.path: /opt/lcg/lib64/python
Tue Oct 13 00:32:35 2009  [Info]  ** sys.path: /opt/glite/lib/python2.3/site-packages/amga
Tue Oct 13 00:32:35 2009  [Info]  ** sys.path: /usr/lib64/python24.zip
Tue Oct 13 00:32:35 2009  [Info]  ** sys.path: /usr/lib64/python2.4
Tue Oct 13 00:32:35 2009  [Info]  ** sys.path: /usr/lib64/python2.4/plat-linux2
Tue Oct 13 00:32:35 2009  [Info]  ** sys.path: /usr/lib64/python2.4/lib-tk
Tue Oct 13 00:32:35 2009  [Info]  ** sys.path: /usr/lib64/python2.4/lib-dynload
Tue Oct 13 00:32:35 2009  [Info]  ** sys.path: /usr/lib64/python2.4/site-packages
Tue Oct 13 00:32:35 2009  [Info]  ** sys.path: /usr/lib64/python2.4/site-packages/gtk-2.0
Tue Oct 13 00:32:35 2009  [Info]  ** sys.path: /usr/lib/python2.4/site-packages
Tue Oct 13 00:32:35 2009  [Info] Load application executable with subprocess module
Tue Oct 13 00:32:35 2009  [Info] GZipping stdout and stderr...
Tue Oct 13 00:32:35 2009  [Info] Application execution passed with exit code 0.
Tue Oct 13 00:32:35 2009  [Info] Pack outputsandbox passed.
Tue Oct 13 00:32:35 2009  [Info] Job Wrapper stop.
